g++ -MMD -MP -MF obj/AckMessage.d -MT obj/AckMessage.o -c -std=c++11 -g -I. -Wall -Wno-unused-variable -Wno-format-security -Wno-sign-compare AckMessage.cpp -o obj/AckMessage.o
g++ -MMD -MP -MF obj/Application.d -MT obj/Application.o -c -std=c++11 -g -I. -Wall -Wno-unused-variable -Wno-format-security -Wno-sign-compare Application.cpp -o obj/Application.o
g++ -MMD -MP -MF obj/JoinReqMessage.d -MT obj/JoinReqMessage.o -c -std=c++11 -g -I. -Wall -Wno-unused-variable -Wno-format-security -Wno-sign-compare JoinReqMessage.cpp -o obj/JoinReqMessage.o
g++ -MMD -MP -MF obj/JoinRespMessage.d -MT obj/JoinRespMessage.o -c -std=c++11 -g -I. -Wall -Wno-unused-variable -Wno-format-security -Wno-sign-compare JoinRespMessage.cpp -o obj/JoinRespMessage.o
g++ -MMD -MP -MF obj/MP1Node.d -MT obj/MP1Node.o -c -std=c++11 -g -I. -Wall -Wno-unused-variable -Wno-format-security -Wno-sign-compare MP1Node.cpp -o obj/MP1Node.o
MP1Node.cpp:207:1: warning: control reaches end of non-void function [-Wreturn-type]
}
^
In file included from MP1Node.cpp:8:
./MP1Node.h:534:7: warning: private field 'incarnationNum' is not used [-Wunused-private-field]
        long incarnationNum;
             ^
./MP1Node.h:542:16: warning: private field 'protocolPeriodCnt' is not used [-Wunused-private-field]
        unsigned long protocolPeriodCnt;
                      ^
3 warnings generated.
g++ -MMD -MP -MF obj/MessageDecoder.d -MT obj/MessageDecoder.o -c -std=c++11 -g -I. -Wall -Wno-unused-variable -Wno-format-security -Wno-sign-compare MessageDecoder.cpp -o obj/MessageDecoder.o
g++ -MMD -MP -MF obj/PingMessage.d -MT obj/PingMessage.o -c -std=c++11 -g -I. -Wall -Wno-unused-variable -Wno-format-security -Wno-sign-compare PingMessage.cpp -o obj/PingMessage.o
g++ -MMD -MP -MF obj/PingReqMessage.d -MT obj/PingReqMessage.o -c -std=c++11 -g -I. -Wall -Wno-unused-variable -Wno-format-security -Wno-sign-compare PingReqMessage.cpp -o obj/PingReqMessage.o
g++ -o main obj/AckMessage.o obj/Application.o obj/EmulNet.o obj/JoinReqMessage.o obj/JoinRespMessage.o obj/Log.o obj/MP1Node.o obj/Member.o obj/MessageDecoder.o obj/Params.o obj/PingMessage.o obj/PingReqMessage.o obj/TimeoutMap.o obj/util.o main.o 
./main ./testcases/singlefailure.conf
@mli: Application constructor after constructing mp1.
Adding 1:0 to the membershipList of itself.
appending: 1:0: [piggybackCnt 0], [type ALIVE], [incarnationNum 0]
Adding 2:0 to the membershipList of itself.
appending: 2:0: [piggybackCnt 0], [type ALIVE], [incarnationNum 0]
Adding 3:0 to the membershipList of itself.
appending: 3:0: [piggybackCnt 0], [type ALIVE], [incarnationNum 0]
Adding 4:0 to the membershipList of itself.
appending: 4:0: [piggybackCnt 0], [type ALIVE], [incarnationNum 0]
Adding 5:0 to the membershipList of itself.
appending: 5:0: [piggybackCnt 0], [type ALIVE], [incarnationNum 0]
Adding 6:0 to the membershipList of itself.
appending: 6:0: [piggybackCnt 0], [type ALIVE], [incarnationNum 0]
Adding 7:0 to the membershipList of itself.
appending: 7:0: [piggybackCnt 0], [type ALIVE], [incarnationNum 0]
Adding 8:0 to the membershipList of itself.
appending: 8:0: [piggybackCnt 0], [type ALIVE], [incarnationNum 0]
Adding 9:0 to the membershipList of itself.
appending: 9:0: [piggybackCnt 0], [type ALIVE], [incarnationNum 0]
Adding 10:0 to the membershipList of itself.
appending: 10:0: [piggybackCnt 0], [type ALIVE], [incarnationNum 0]
// At ts == 0:
// When recvLoop() is called for all the nodes, there are nothing to receive.
// Then:
//      nodeStart() will be called for nodes [4, 3, 2, 1].
//      nodeLoop() will be called for nodes [10, 9, 8, 7, 6, 5], but they don't have anything to do because they have not been started.
@mli: ts==>[0]: 
3-th introduced node is assigned with the address: 4:0
@mli: ts==>[0]: 
2-th introduced node is assigned with the address: 3:0
@mli: ts==>[0]: 
1-th introduced node is assigned with the address: 2:0
@mli: ts==>[0]: 
0-th introduced node is assigned with the address: 1:0
// At ts == 0:
// When recvLoop() is called for all the nodes (1 -> 10), Node 1 will have the JoinReq msg in the order [2, 3, 4].
// This is because when the msg is sent, they are pushed to an array, and when receive, we go from the last element of the array to the first element of the array.
// Then:
//      nodeStart() will be called for nodes [8, 7, 6, 5]. This will start these nodes.
//      nodeLoop() will be called for nodes [10, 9, 4, 3, 2, 1].
//      For [10, 9, 4, 3, 2], there's nothing to do. For [1], it will handle JoinReq from [4, 3, 2] in the order of [2, 3, 4].
@mli: ts==>[1]: 
7-th introduced node is assigned with the address: 8:0
@mli: ts==>[1]: 
6-th introduced node is assigned with the address: 7:0
@mli: ts==>[1]: 
5-th introduced node is assigned with the address: 6:0
@mli: ts==>[1]: 
4-th introduced node is assigned with the address: 5:0
Received msg type: JOINREQ at Node: 1:0
Receiving message of type: JOINREQ
########## JoinReqMessage ##########
# message type: JOINREQ
# id: 2:0|1:0
# source: 2:0
# destination: 1:0
########## ########## #########
In JoinReqMessage::onReceiveHandler...
appending: 2:0: [piggybackCnt 0], [type ALIVE], [incarnationNum 0]
sizeSent is 60
Received msg type: JOINREQ at Node: 1:0
Receiving message of type: JOINREQ
########## JoinReqMessage ##########
# message type: JOINREQ
# id: 3:0|1:0
# source: 3:0
# destination: 1:0
########## ########## #########
In JoinReqMessage::onReceiveHandler...
appending: 3:0: [piggybackCnt 0], [type ALIVE], [incarnationNum 0]
sizeSent is 78
Received msg type: JOINREQ at Node: 1:0
Receiving message of type: JOINREQ
########## JoinReqMessage ##########
# message type: JOINREQ
# id: 4:0|1:0
# source: 4:0
# destination: 1:0
########## ########## #########
In JoinReqMessage::onReceiveHandler...
appending: 4:0: [piggybackCnt 0], [type ALIVE], [incarnationNum 0]
sizeSent is 96
----------------------------------
@mli: ts==>[2]: 
9-th introduced node is assigned with the address: 10:0
@mli: ts==>[2]: 
8-th introduced node is assigned with the address: 9:0
Received msg type: JOINRESP at Node: 4:0
Receiving message of type: JOINRESP
########## JoinRespMessage ##########
# message type: JOINRESP
# id: 1:0|4:0
# source: 1:0
# destination: 4:0
# coordinator membershipList: 
# 1:0: [piggybackCnt 0], [type ALIVE], [incarnationNum 0]
# 2:0: [piggybackCnt 0], [type ALIVE], [incarnationNum 0]
# 3:0: [piggybackCnt 0], [type ALIVE], [incarnationNum 0]
# 4:0: [piggybackCnt 0], [type ALIVE], [incarnationNum 0]
# coordinator failList: 
########## ########## #########
In JoinRespMessage::onReceiveHandler...
Received msg type: JOINRESP at Node: 3:0
Receiving message of type: JOINRESP
########## JoinRespMessage ##########
# message type: JOINRESP
# id: 1:0|3:0
# source: 1:0
# destination: 3:0
# coordinator membershipList: 
# 1:0: [piggybackCnt 0], [type ALIVE], [incarnationNum 0]
# 2:0: [piggybackCnt 0], [type ALIVE], [incarnationNum 0]
# 3:0: [piggybackCnt 0], [type ALIVE], [incarnationNum 0]
# coordinator failList: 
########## ########## #########
In JoinRespMessage::onReceiveHandler...
Received msg type: JOINRESP at Node: 2:0
Receiving message of type: JOINRESP
########## JoinRespMessage ##########
# message type: JOINRESP
# id: 1:0|2:0
# source: 1:0
# destination: 2:0
# coordinator membershipList: 
# 1:0: [piggybackCnt 0], [type ALIVE], [incarnationNum 0]
# 2:0: [piggybackCnt 0], [type ALIVE], [incarnationNum 0]
# coordinator failList: 
########## ########## #########
In JoinRespMessage::onReceiveHandler...
Received msg type: JOINREQ at Node: 1:0
Receiving message of type: JOINREQ
########## JoinReqMessage ##########
# message type: JOINREQ
# id: 5:0|1:0
# source: 5:0
# destination: 1:0
########## ########## #########
In JoinReqMessage::onReceiveHandler...
appending: 5:0: [piggybackCnt 0], [type ALIVE], [incarnationNum 0]
sizeSent is 114
Received msg type: JOINREQ at Node: 1:0
Receiving message of type: JOINREQ
########## JoinReqMessage ##########
# message type: JOINREQ
# id: 6:0|1:0
# source: 6:0
# destination: 1:0
########## ########## #########
In JoinReqMessage::onReceiveHandler...
appending: 6:0: [piggybackCnt 0], [type ALIVE], [incarnationNum 0]
sizeSent is 114
Received msg type: JOINREQ at Node: 1:0
Receiving message of type: JOINREQ
########## JoinReqMessage ##########
# message type: JOINREQ
# id: 7:0|1:0
# source: 7:0
# destination: 1:0
########## ########## #########
In JoinReqMessage::onReceiveHandler...
appending: 7:0: [piggybackCnt 0], [type ALIVE], [incarnationNum 0]
sizeSent is 114
Received msg type: JOINREQ at Node: 1:0
Receiving message of type: JOINREQ
########## JoinReqMessage ##########
# message type: JOINREQ
# id: 8:0|1:0
# source: 8:0
# destination: 1:0
########## ########## #########
In JoinReqMessage::onReceiveHandler...
appending: 8:0: [piggybackCnt 0], [type ALIVE], [incarnationNum 0]
sizeSent is 114
Received msg type: JOINRESP at Node: 8:0
Receiving message of type: JOINRESP
########## JoinRespMessage ##########
# message type: JOINRESP
# id: 1:0|8:0
# source: 1:0
# destination: 8:0
# coordinator membershipList: 
# 1:0: [piggybackCnt 0], [type ALIVE], [incarnationNum 0]
# 2:0: [piggybackCnt 0], [type ALIVE], [incarnationNum 0]
# 3:0: [piggybackCnt 0], [type ALIVE], [incarnationNum 0]
# 4:0: [piggybackCnt 0], [type ALIVE], [incarnationNum 0]
# 5:0: [piggybackCnt 0], [type ALIVE], [incarnationNum 0]
# coordinator failList: 
########## ########## #########
In JoinRespMessage::onReceiveHandler...
Received msg type: JOINRESP at Node: 7:0
Receiving message of type: JOINRESP
########## JoinRespMessage ##########
# message type: JOINRESP
# id: 1:0|7:0
# source: 1:0
# destination: 7:0
# coordinator membershipList: 
# 1:0: [piggybackCnt 0], [type ALIVE], [incarnationNum 0]
# 2:0: [piggybackCnt 0], [type ALIVE], [incarnationNum 0]
# 3:0: [piggybackCnt 0], [type ALIVE], [incarnationNum 0]
# 4:0: [piggybackCnt 0], [type ALIVE], [incarnationNum 0]
# 5:0: [piggybackCnt 0], [type ALIVE], [incarnationNum 0]
# coordinator failList: 
########## ########## #########
In JoinRespMessage::onReceiveHandler...
Received msg type: JOINRESP at Node: 6:0
Receiving message of type: JOINRESP
########## JoinRespMessage ##########
# message type: JOINRESP
# id: 1:0|6:0
# source: 1:0
# destination: 6:0
# coordinator membershipList: 
# 1:0: [piggybackCnt 0], [type ALIVE], [incarnationNum 0]
# 2:0: [piggybackCnt 0], [type ALIVE], [incarnationNum 0]
# 3:0: [piggybackCnt 0], [type ALIVE], [incarnationNum 0]
# 4:0: [piggybackCnt 0], [type ALIVE], [incarnationNum 0]
# 5:0: [piggybackCnt 0], [type ALIVE], [incarnationNum 0]
# coordinator failList: 
########## ########## #########
In JoinRespMessage::onReceiveHandler...
Received msg type: JOINRESP at Node: 5:0
Receiving message of type: JOINRESP
########## JoinRespMessage ##########
# message type: JOINRESP
# id: 1:0|5:0
# source: 1:0
# destination: 5:0
# coordinator membershipList: 
# 1:0: [piggybackCnt 0], [type ALIVE], [incarnationNum 0]
# 2:0: [piggybackCnt 0], [type ALIVE], [incarnationNum 0]
# 3:0: [piggybackCnt 0], [type ALIVE], [incarnationNum 0]
# 4:0: [piggybackCnt 0], [type ALIVE], [incarnationNum 0]
# 5:0: [piggybackCnt 0], [type ALIVE], [incarnationNum 0]
# coordinator failList: 
########## ########## #########
In JoinRespMessage::onReceiveHandler...
Received msg type: JOINREQ at Node: 1:0
Receiving message of type: JOINREQ
########## JoinReqMessage ##########
# message type: JOINREQ
# id: 9:0|1:0
# source: 9:0
# destination: 1:0
########## ########## #########
In JoinReqMessage::onReceiveHandler...
appending: 9:0: [piggybackCnt 0], [type ALIVE], [incarnationNum 0]
sizeSent is 114
Received msg type: JOINREQ at Node: 1:0
Receiving message of type: JOINREQ
########## JoinReqMessage ##########
# message type: JOINREQ
# id: 10:0|1:0
# source: 10:0
# destination: 1:0
########## ########## #########
In JoinReqMessage::onReceiveHandler...
appending: 10:0: [piggybackCnt 0], [type ALIVE], [incarnationNum 0]
sizeSent is 114
Received msg type: JOINRESP at Node: 10:0
Receiving message of type: JOINRESP
########## JoinRespMessage ##########
# message type: JOINRESP
# id: 1:0|10:0
# source: 1:0
# destination: 10:0
# coordinator membershipList: 
# 1:0: [piggybackCnt 0], [type ALIVE], [incarnationNum 0]
# 2:0: [piggybackCnt 0], [type ALIVE], [incarnationNum 0]
# 3:0: [piggybackCnt 0], [type ALIVE], [incarnationNum 0]
# 4:0: [piggybackCnt 0], [type ALIVE], [incarnationNum 0]
# 5:0: [piggybackCnt 0], [type ALIVE], [incarnationNum 0]
# coordinator failList: 
########## ########## #########
In JoinRespMessage::onReceiveHandler...
Received msg type: JOINRESP at Node: 9:0
Receiving message of type: JOINRESP
########## JoinRespMessage ##########
# message type: JOINRESP
# id: 1:0|9:0
# source: 1:0
# destination: 9:0
# coordinator membershipList: 
# 1:0: [piggybackCnt 0], [type ALIVE], [incarnationNum 0]
# 2:0: [piggybackCnt 0], [type ALIVE], [incarnationNum 0]
# 3:0: [piggybackCnt 0], [type ALIVE], [incarnationNum 0]
# 4:0: [piggybackCnt 0], [type ALIVE], [incarnationNum 0]
# 5:0: [piggybackCnt 0], [type ALIVE], [incarnationNum 0]
# coordinator failList: 
########## ########## #########
In JoinRespMessage::onReceiveHandler...
